['2014-08-20']
['DARK & WILD']
['Intro : What am I to you', 'Danger', '호르몬전쟁 (War of Hormone)', '힙합성애자 (Hip Hop Phile)', 'Let Me Know', 'Rain', 'BTS Cypher Pt.3 : KILLER', 'Interlude : 뭐해', '핸드폰 좀 꺼줄래 (Could You Turn off Your Cell Phone)', '이불킥 (Embarrassed)', ' 24/7=Heaven', '여기 봐 (Look Here)', '2학년 (Second Grade)', 'Outro : 그게 말이 돼?']

['2016-10-10']
['WINGS']
['Intro : Boy Meets Evil', '피 땀 눈물 (Blood Sweat & Tears)', 'Begin', 'Lie', 'Stigma', 'First Love', 'Reflection', 'MAMA', 'Awake', 'Lost', 'BTS Cypher 4', 'Am I Wrong', '21세기 소녀', '둘!셋! (그래도 좋은 날이 더 많기를)', 'Interlude : Wings']

['2018-05-18']
["LOVE YOURSELF 轉 'Tear'"]
['Intro : Singularity', 'FAKE LOVE', '전하지 못한 진심 (The Truth Untold) (feat. Steve Aoki)', '134340', '낙원 (Paradise)', 'Love Maze', 'Magic Shop', 'Airplane pt.2', 'Anpanman', 'So What', 'Outro : Tear']

['2020-02-21']
['Map of the Soul: 7']
['Intro : Persona', '작은 것들을 위한 시 (Boy With Luv) (feat. Halsey)', 'Make It Right', 'Jamais Vu', 'Dionysus', 'Interlude : Shadow', 'Black Swan', 'Filter', '시차 (My Time)', 'Louder than bombs', 'ON', '욱 (UGH!)', "00:00 (Zero O'Clock)", 'Inner Child', '친구 (Friends)', 'Moon', 'Respect', 'We are Bulletproof : the Eternal', 'Outro : Ego', 'ON (feat. Sia) (Digital Only)']

['2013-09-11']
['O! R U L8, 2?']
['Intro : O! RUL8, 2?', 'N.O', 'We On', 'Skit：R U Happy Now?', 'If I Ruled The World', 'Coffee', 'BTS Cypher Pt.1', '진격의 방탄 (Attack On Bangtan)', '팔도강산 (Paldogangsan)', 'Outro : Luv In Skool ']

['2014-02-12']
['Skool Luv Affair']
['Intro：Skool Luv Affair', '상남자 (Boy In Luv)', 'Skit : Soulmate', '어디에서 왔는지', '하루만 (Just One Day)', 'Tomorrow', 'BTS Cypher Pt.2 : Triptych', '등골브레이커 (Spine Breaker)', 'Jump', 'Outro : Propose ']

['2015-04-29']
['花樣年華 pt.1']
['Intro : 화양연화', 'I NEED U', '잡아줘 (Hold Me Tight)', 'SKIT : Expectation!', '쩔어 (Dope)', '흥탄소년단', 'Converse High', '이사', 'Outro : Love is Not Over ']

['2015-11-30']
['花樣年華 pt.2']
['Intro : Never Mind', 'RUN', 'Butterfly', 'Whalien 52', 'Ma City', '뱁새', 'SKIT : One night in a strange city', '고엽', 'Outro：House Of Cards ']

['2017-09-18']
["LOVE YOURSELF 承 'Her'"]
['Intro : Serendipity', 'DNA', 'Best Of Me', '보조개 (Dimple)', 'Pied Piper', 'Skit : Billboard Music Awards Speech', 'MIC Drop', '고민보다 Go (Go Go)', 'Outro : Her', 'Skit : 망설임과 두려움 (猶豫和恐懼) (隐藏曲)', '바다 (隐藏曲)']


['2019-04-12']
['MAP OF THE SOUL: PERSONA']
['Intro : Persona', '작은 것들을 위한 시 ( Boy With Luv) (feat. Halsey)', '소우주 (Mikrokosmos)', 'Make It Right', 'HOME', 'Jamais Vu', 'Dionysus']

['2020-11-20']
['BE']
['Life Goes On', '내 방을 여행하는 법', 'Blue & Grey', 'Skit', '잠시 (Telepathy)', '병 (Dis-ease)', 'Stay', 'Dynamite']

['2014-05-14']
['Skool Luv Affair Special Addition']
['Miss Right', '좋아요 (Slow Jam Remix)', 'Intro : Skool Luv Affair', '상남자 (Boy In Luv)', 'Skit : Soulmate', '어디에서 왔는지', '하루만 (Just One Day)', 'Tomorrow', 'BTS Cypher Pt.2 : Triptych', '등골브레이커 (Spine Breaker)', 'Jump', 'Outro : Propose ']

['2016-05-02日']
['花樣年華 Young Forever']
['Intro : 화양연화', 'I NEED U', '잡아줘 (Hold Me Tight)', '고엽', 'Butterfly (Prologue Mix)', 'RUN', 'Ma City', '뱁새', '쩔어 (Dope)', '불타오르네 (Fire)', 'Save ME', 'EPILOGUE : Young Forever', 'Converse High', '이사', 'Whalien 52', 'Butterfly', 'House Of Cards（Full Length Edition）', 'Love is Not Over（Full Length Edition）', 'I NEED U (Urban Mix)', 'I NEED U (Remix)', 'RUN (Ballad Mix)', 'RUN (Alternative Mix)', 'Butterfly (Alternative Mix)']

['2017-02-13']
['You Never Walk Alone']
['Intro : Boy Meets Evil', '피 땀 눈물 (Blood Sweat & Tears)', 'Begin', 'Lie', 'Stigma', 'First Love', 'Reflection', 'MAMA', 'Awake', 'Lost', 'BTS Cypher 4', 'Am I Wrong', '21세기 소녀', '둘!셋! (그래도 좋은 날이 더 많기를)', '봄날 (Spring Day)', 'Not Today', 'Outro : Wings', 'A Supplementary story : You Never Walk Alone']

['2018-08-24']
["Love Yourself  結 'Answer'"]
['Euphoria', 'Trivia 起 : Just Dance', 'Serendipity (Full Length Edition)', 'DNA', '보조개 (Dimple)', 'Trivia 承 : Love', 'Her', 'Singularity', 'FAKE LOVE', '전하지 못한 진심 (The Truth Untold) (feat. Steve Aoki)', 'Trivia 轉 : Seesaw', 'Tear', 'Epiphany', "I'm Fine", 'IDOL', 'Answer : Love Myself', 'Magic Shop', 'Best Of Me', 'Airplane pt.2', '고민보다 Go (Go Go)', 'Anpanman', 'MIC Drop', 'DNA (Pedal 2 LA Mix)', 'FAKE LOVE (Rocking Vibe Mix)', 'MIC Drop (Steve Aoki Remix) (Full Length Edition)', 'IDOL (feat. Nicki Minaj) (Digital Only)']

['2013-06-12']
['2 COOL 4 SKOOL']
['Intro : 2 Cool 4 Skool (Feat. DJ Friz)', 'We Are Bulletproof Pt.2', 'Skit : Circle Room Talk', 'No More Dream', 'Interlude', '좋아요 (Like)', 'Outro : Circle Room Cypher', 'Skit : On The Start Line (隱藏曲 / Rap Monster)', '길（隱藏曲）']

['2020-08-21']
['單曲']
['Dynamite']

['2021-05-21']
['單曲']
['Butter']

['2021-07-09']
['單曲']
['Permission to Dance']
